
> sabkabazaar@0.0.0 compile:sass-dev C:\Users\shabhart\Documents\training\sabkaBazaar
> node-sass  -rw public/scss -o public/stylesheets/ -w

=> changed: C:\Users\shabhart\Documents\training\sabkaBazaar\public\scss\main.scss
Rendering Complete, saving .css file...
Wrote CSS to C:\Users\shabhart\Documents\training\sabkaBazaar\public\stylesheets\main.css
=> changed: C:\Users\shabhart\Documents\training\sabkaBazaar\public\scss\style.scss
Rendering Complete, saving .css file...
Wrote CSS to C:\Users\shabhart\Documents\training\sabkaBazaar\public\stylesheets\style.css
=> changed: C:\Users\shabhart\Documents\training\sabkaBazaar\public\scss\normalize.scss
=> changed: C:\Users\shabhart\Documents\training\sabkaBazaar\public\scss\style.scss
Rendering Complete, saving .css file...
Wrote CSS to C:\Users\shabhart\Documents\training\sabkaBazaar\public\stylesheets\style.css
Rendering Complete, saving .css file...
Wrote CSS to C:\Users\shabhart\Documents\training\sabkaBazaar\public\stylesheets\normalize.css
=> changed: C:\Users\shabhart\Documents\training\sabkaBazaar\public\scss\product.scss
=> changed: C:\Users\shabhart\Documents\training\sabkaBazaar\public\scss\style.scss
Rendering Complete, saving .css file...
Wrote CSS to C:\Users\shabhart\Documents\training\sabkaBazaar\public\stylesheets\style.css
Rendering Complete, saving .css file...
Wrote CSS to C:\Users\shabhart\Documents\training\sabkaBazaar\public\stylesheets\product.css
=> changed: C:\Users\shabhart\Documents\training\sabkaBazaar\public\scss\login_register.scss
=> changed: C:\Users\shabhart\Documents\training\sabkaBazaar\public\scss\style.scss
Rendering Complete, saving .css file...
Rendering Complete, saving .css file...
Wrote CSS to C:\Users\shabhart\Documents\training\sabkaBazaar\public\stylesheets\style.css
Wrote CSS to C:\Users\shabhart\Documents\training\sabkaBazaar\public\stylesheets\login_register.css
=> changed: C:\Users\shabhart\Documents\training\sabkaBazaar\public\scss\home.scss
=> changed: C:\Users\shabhart\Documents\training\sabkaBazaar\public\scss\style.scss
Rendering Complete, saving .css file...
Wrote CSS to C:\Users\shabhart\Documents\training\sabkaBazaar\public\stylesheets\style.css
Rendering Complete, saving .css file...
Wrote CSS to C:\Users\shabhart\Documents\training\sabkaBazaar\public\stylesheets\home.css
=> changed: C:\Users\shabhart\Documents\training\sabkaBazaar\public\scss\cart.scss
=> changed: C:\Users\shabhart\Documents\training\sabkaBazaar\public\scss\style.scss
Rendering Complete, saving .css file...
Wrote CSS to C:\Users\shabhart\Documents\training\sabkaBazaar\public\stylesheets\style.css
Rendering Complete, saving .css file...
Wrote CSS to C:\Users\shabhart\Documents\training\sabkaBazaar\public\stylesheets\cart.css
=> changed: C:\Users\shabhart\Documents\training\sabkaBazaar\public\scss\style.scss
Rendering Complete, saving .css file...
Wrote CSS to C:\Users\shabhart\Documents\training\sabkaBazaar\public\stylesheets\style.css
=> changed: C:\Users\shabhart\Documents\training\sabkaBazaar\public\scss\style.scss
Rendering Complete, saving .css file...
Wrote CSS to C:\Users\shabhart\Documents\training\sabkaBazaar\public\stylesheets\style.css
=> changed: C:\Users\shabhart\Documents\training\sabkaBazaar\public\scss\cart.scss
=> changed: C:\Users\shabhart\Documents\training\sabkaBazaar\public\scss\style.scss
Rendering Complete, saving .css file...
Wrote CSS to C:\Users\shabhart\Documents\training\sabkaBazaar\public\stylesheets\cart.css
Rendering Complete, saving .css file...
Wrote CSS to C:\Users\shabhart\Documents\training\sabkaBazaar\public\stylesheets\style.css
=> changed: C:\Users\shabhart\Documents\training\sabkaBazaar\public\scss\cart.scss
=> changed: C:\Users\shabhart\Documents\training\sabkaBazaar\public\scss\style.scss
Rendering Complete, saving .css file...
Wrote CSS to C:\Users\shabhart\Documents\training\sabkaBazaar\public\stylesheets\cart.css
Rendering Complete, saving .css file...
Wrote CSS to C:\Users\shabhart\Documents\training\sabkaBazaar\public\stylesheets\style.css
=> changed: C:\Users\shabhart\Documents\training\sabkaBazaar\public\scss\product.scss
=> changed: C:\Users\shabhart\Documents\training\sabkaBazaar\public\scss\style.scss
Rendering Complete, saving .css file...
Wrote CSS to C:\Users\shabhart\Documents\training\sabkaBazaar\public\stylesheets\product.css
Rendering Complete, saving .css file...
Wrote CSS to C:\Users\shabhart\Documents\training\sabkaBazaar\public\stylesheets\style.css
=> changed: C:\Users\shabhart\Documents\training\sabkaBazaar\public\scss\product.scss
=> changed: C:\Users\shabhart\Documents\training\sabkaBazaar\public\scss\style.scss
Rendering Complete, saving .css file...
Wrote CSS to C:\Users\shabhart\Documents\training\sabkaBazaar\public\stylesheets\product.css
Rendering Complete, saving .css file...
Wrote CSS to C:\Users\shabhart\Documents\training\sabkaBazaar\public\stylesheets\style.css
=> changed: C:\Users\shabhart\Documents\training\sabkaBazaar\public\scss\product.scss
=> changed: C:\Users\shabhart\Documents\training\sabkaBazaar\public\scss\style.scss
Rendering Complete, saving .css file...
Wrote CSS to C:\Users\shabhart\Documents\training\sabkaBazaar\public\stylesheets\product.css
Rendering Complete, saving .css file...
Wrote CSS to C:\Users\shabhart\Documents\training\sabkaBazaar\public\stylesheets\style.css
